<?xml version="1.0" encoding="UTF-8"?>
<!-- Generated by org.testng.reporters.JUnitReportReporter -->
<testsuite skipped="0" hostname="AQMIT-DSK-10110" name="TestPages.MultipleFlightSearchTestPage" tests="1" failures="0" timestamp="25 Jul 2022 09:42:50 GMT" time="137.710" errors="0">
  <testcase name="searchflight1" time="137.710" classname="TestPages.MultipleFlightSearchTestPage"/>
</testsuite> <!-- TestPages.MultipleFlightSearchTestPage -->
