<?xml version="1.0" encoding="UTF-8"?>
<!-- Generated by org.testng.reporters.JUnitReportReporter -->
<testsuite skipped="0" hostname="AQMIT-DSK-10110" name="TestPages.EaseMyTripTestPage" tests="1" failures="0" timestamp="03 Aug 2022 06:37:26 GMT" time="24.285" errors="0">
  <testcase name="searchtheflight" time="24.285" classname="TestPages.EaseMyTripTestPage"/>
</testsuite> <!-- TestPages.EaseMyTripTestPage -->
